<?xml version="1.0" encoding="UTF-8"?>
<testng-results ignored="0" total="1" passed="1" failed="0" skipped="0">
  <reporter-output>
  </reporter-output>
  <suite started-at="2024-08-11T19:12:50 IST" name="Surefire suite" finished-at="2024-08-11T19:13:00 IST" duration-ms="10469">
    <groups>
    </groups>
    <test started-at="2024-08-11T19:12:50 IST" name="Surefire test" finished-at="2024-08-11T19:13:00 IST" duration-ms="10469">
      <class name="mjd4_1.DemoParametrsTest1">
        <test-method signature="demoParametersTest()[pri:0, instance:mjd4_1.DemoParametrsTest1@2928854b]" started-at="2024-08-11T19:12:50 IST" name="demoParametersTest" finished-at="2024-08-11T19:13:00 IST" duration-ms="10411" status="PASS">
          <reporter-output>
          </reporter-output>
        </test-method> <!-- demoParametersTest -->
      </class> <!-- mjd4_1.DemoParametrsTest1 -->
    </test> <!-- Surefire test -->
  </suite> <!-- Surefire suite -->
</testng-results>
